[ 2016-10-20T17:28:50+08:00 ] 127.0.0.1 /
INFO: [ app_init ] --START--
INFO: Run Behavior\BuildLiteBehavior [ RunTime:0.000000s ]
INFO: [ app_init ] --END-- [ RunTime:0.041002s ]
INFO: [ app_begin ] --START--
INFO: Run Behavior\ReadHtmlCacheBehavior [ RunTime:0.017001s ]
INFO: [ app_begin ] --END-- [ RunTime:0.017001s ]
ERR: SQLSTATE[HY000] [2002] ”…”⁄ƒø±Íº∆À„ª˙ª˝º´æ‹æ¯£¨Œﬁ∑®¡¨Ω”°£


[ 2016-10-20T17:28:50+08:00 ] 127.0.0.1 /
INFO: [ app_init ] --START--
INFO: Run Behavior\BuildLiteBehavior [ RunTime:0.000000s ]
INFO: [ app_init ] --END-- [ RunTime:0.000000s ]
INFO: [ app_begin ] --START--
INFO: Run Behavior\ReadHtmlCacheBehavior [ RunTime:0.001000s ]
INFO: [ app_begin ] --END-- [ RunTime:0.001000s ]
ERR: SQLSTATE[HY000] [2002] ”…”⁄ƒø±Íº∆À„ª˙ª˝º´æ‹æ¯£¨Œﬁ∑®¡¨Ω”°£


[ 2016-10-20T17:29:36+08:00 ] 127.0.0.1 /
INFO: [ app_init ] --START--
INFO: Run Behavior\BuildLiteBehavior [ RunTime:0.000000s ]
INFO: [ app_init ] --END-- [ RunTime:0.002000s ]
INFO: [ app_begin ] --START--
INFO: Run Behavior\ReadHtmlCacheBehavior [ RunTime:0.001000s ]
INFO: [ app_begin ] --END-- [ RunTime:0.002000s ]
ERR: SQLSTATE[HY000] [2002] ”…”⁄ƒø±Íº∆À„ª˙ª˝º´æ‹æ¯£¨Œﬁ∑®¡¨Ω”°£


[ 2016-10-20T17:30:17+08:00 ] 127.0.0.1 /index.php/Home/Goods/checkOut
INFO: [ app_init ] --START--
INFO: Run Behavior\BuildLiteBehavior [ RunTime:0.000000s ]
INFO: [ app_init ] --END-- [ RunTime:0.000000s ]
INFO: [ app_begin ] --START--
INFO: Run Behavior\ReadHtmlCacheBehavior [ RunTime:0.001000s ]
INFO: [ app_begin ] --END-- [ RunTime:0.001000s ]
ERR: SQLSTATE[HY000] [2002] ”…”⁄ƒø±Íº∆À„ª˙ª˝º´æ‹æ¯£¨Œﬁ∑®¡¨Ω”°£


[ 2016-10-20T17:30:40+08:00 ] 127.0.0.1 /
INFO: [ app_init ] --START--
INFO: Run Behavior\BuildLiteBehavior [ RunTime:0.000000s ]
INFO: [ app_init ] --END-- [ RunTime:0.002000s ]
INFO: [ app_begin ] --START--
INFO: Run Behavior\ReadHtmlCacheBehavior [ RunTime:0.005000s ]
INFO: [ app_begin ] --END-- [ RunTime:0.005000s ]
ERR: SQLSTATE[HY000] [2002] ”…”⁄ƒø±Íº∆À„ª˙ª˝º´æ‹æ¯£¨Œﬁ∑®¡¨Ω”°£


[ 2016-10-20T17:30:55+08:00 ] 127.0.0.1 /index.php/Home/index
INFO: [ app_init ] --START--
INFO: Run Behavior\BuildLiteBehavior [ RunTime:0.000000s ]
INFO: [ app_init ] --END-- [ RunTime:0.001000s ]
INFO: [ app_begin ] --START--
INFO: Run Behavior\ReadHtmlCacheBehavior [ RunTime:0.001000s ]
INFO: [ app_begin ] --END-- [ RunTime:0.001000s ]
SQL: SHOW COLUMNS FROM `cat` [ RunTime:0.1370s ]
SQL: SELECT * FROM `cat`  [ RunTime:0.0010s ]
SQL: SHOW COLUMNS FROM `goods` [ RunTime:0.0110s ]
SQL: SELECT `goods_id`,`goods_name`,`shop_price`,`market_price`,`thumb_img`,`goods_img` FROM `goods` WHERE ( is_hot=1 ) ORDER BY goods_id desc LIMIT 4   [ RunTime:0.1250s ]
SQL: SELECT `goods_id`,`goods_name`,`shop_price`,`market_price`,`thumb_img`,`goods_img` FROM `goods` WHERE ( is_best=1 ) ORDER BY goods_id desc LIMIT 4   [ RunTime:0.0000s ]
SQL: SELECT `goods_id`,`goods_name`,`shop_price`,`market_price`,`thumb_img`,`goods_img` FROM `goods` WHERE ( is_new=1 ) ORDER BY goods_id desc LIMIT 4   [ RunTime:0.0190s ]
INFO: [ view_parse ] --START--
INFO: [ template_filter ] --START--
INFO: Run Behavior\ContentReplaceBehavior [ RunTime:0.045003s ]
INFO: [ template_filter ] --END-- [ RunTime:0.045003s ]
INFO: Run Behavior\ParseTemplateBehavior [ RunTime:0.268015s ]
INFO: [ view_parse ] --END-- [ RunTime:0.269015s ]
INFO: [ view_filter ] --START--
INFO: Run Behavior\WriteHtmlCacheBehavior [ RunTime:0.022002s ]
INFO: [ view_filter ] --END-- [ RunTime:0.022002s ]
INFO: [ app_end ] --START--
INFO: Run Behavior\ShowPageTraceBehavior [ RunTime:0.011000s ]
INFO: [ app_end ] --END-- [ RunTime:0.011000s ]

[ 2016-10-20T17:30:57+08:00 ] 127.0.0.1 /index.php/Home/api/cron.php-t=1452023217
INFO: [ app_init ] --START--
INFO: Run Behavior\BuildLiteBehavior [ RunTime:0.000000s ]
INFO: [ app_init ] --END-- [ RunTime:0.027002s ]
INFO: [ app_begin ] --START--
INFO: Run Behavior\ReadHtmlCacheBehavior [ RunTime:0.003000s ]
INFO: [ app_begin ] --END-- [ RunTime:0.003000s ]
ERR: Êó†Ê≥ïÂä†ËΩΩÊéßÂà∂Âô®:Api

[ 2016-10-20T17:30:57+08:00 ] 127.0.0.1 /index.php/Home/themes/68ecshop_hechafre/Public/Home/images/sdgg.gif
INFO: [ app_init ] --START--
INFO: Run Behavior\BuildLiteBehavior [ RunTime:0.000000s ]
INFO: [ app_init ] --END-- [ RunTime:0.002000s ]

[ 2016-10-20T17:30:57+08:00 ] 127.0.0.1 /index.php/Home/animated_favicon.gif
INFO: [ app_init ] --START--
INFO: Run Behavior\BuildLiteBehavior [ RunTime:0.001000s ]
INFO: [ app_init ] --END-- [ RunTime:0.035002s ]

[ 2016-10-20T17:30:58+08:00 ] 127.0.0.1 /index.php/Home/favicon.ico
INFO: [ app_init ] --START--
INFO: Run Behavior\BuildLiteBehavior [ RunTime:0.000000s ]
INFO: [ app_init ] --END-- [ RunTime:0.004000s ]

[ 2016-10-20T17:31:12+08:00 ] 127.0.0.1 /Home/Index/index.html
INFO: [ app_init ] --START--
INFO: Run Behavior\BuildLiteBehavior [ RunTime:0.000000s ]
INFO: [ app_init ] --END-- [ RunTime:0.001000s ]
INFO: [ app_begin ] --START--
INFO: Run Behavior\ReadHtmlCacheBehavior [ RunTime:0.001000s ]
INFO: [ app_begin ] --END-- [ RunTime:0.001000s ]
SQL: SHOW COLUMNS FROM `cat` [ RunTime:0.0430s ]
SQL: SELECT * FROM `cat`  [ RunTime:0.0010s ]
SQL: SHOW COLUMNS FROM `goods` [ RunTime:0.0050s ]
SQL: SELECT `goods_id`,`goods_name`,`shop_price`,`market_price`,`thumb_img`,`goods_img` FROM `goods` WHERE ( is_hot=1 ) ORDER BY goods_id desc LIMIT 4   [ RunTime:0.0000s ]
SQL: SELECT `goods_id`,`goods_name`,`shop_price`,`market_price`,`thumb_img`,`goods_img` FROM `goods` WHERE ( is_best=1 ) ORDER BY goods_id desc LIMIT 4   [ RunTime:0.0010s ]
SQL: SELECT `goods_id`,`goods_name`,`shop_price`,`market_price`,`thumb_img`,`goods_img` FROM `goods` WHERE ( is_new=1 ) ORDER BY goods_id desc LIMIT 4   [ RunTime:0.0000s ]
INFO: [ view_parse ] --START--
INFO: [ template_filter ] --START--
INFO: Run Behavior\ContentReplaceBehavior [ RunTime:0.000000s ]
INFO: [ template_filter ] --END-- [ RunTime:0.000000s ]
INFO: Run Behavior\ParseTemplateBehavior [ RunTime:0.022001s ]
INFO: [ view_parse ] --END-- [ RunTime:0.022001s ]
INFO: [ view_filter ] --START--
INFO: Run Behavior\WriteHtmlCacheBehavior [ RunTime:0.000000s ]
INFO: [ view_filter ] --END-- [ RunTime:0.000000s ]
INFO: [ app_end ] --START--
INFO: Run Behavior\ShowPageTraceBehavior [ RunTime:0.001000s ]
INFO: [ app_end ] --END-- [ RunTime:0.001000s ]

[ 2016-10-20T17:31:13+08:00 ] 127.0.0.1 /Home/Index/api/cron.php-t=1452023217
INFO: [ app_init ] --START--
INFO: Run Behavior\BuildLiteBehavior [ RunTime:0.000000s ]
INFO: [ app_init ] --END-- [ RunTime:0.001000s ]
INFO: [ app_begin ] --START--
INFO: Run Behavior\ReadHtmlCacheBehavior [ RunTime:0.001000s ]
INFO: [ app_begin ] --END-- [ RunTime:0.001000s ]
ERR: ÈùûÊ≥ïÊìç‰Ωú:api

[ 2016-10-20T17:31:13+08:00 ] 127.0.0.1 /Home/Index/themes/68ecshop_hechafre/Public/Home/images/sdgg.gif
INFO: [ app_init ] --START--
INFO: Run Behavior\BuildLiteBehavior [ RunTime:0.000000s ]
INFO: [ app_init ] --END-- [ RunTime:0.000000s ]

[ 2016-10-20T17:31:13+08:00 ] 127.0.0.1 /Home/Index/animated_favicon.gif
INFO: [ app_init ] --START--
INFO: Run Behavior\BuildLiteBehavior [ RunTime:0.000000s ]
INFO: [ app_init ] --END-- [ RunTime:0.000000s ]

[ 2016-10-20T17:31:13+08:00 ] 127.0.0.1 /Home/Index/favicon.ico
INFO: [ app_init ] --START--
INFO: Run Behavior\BuildLiteBehavior [ RunTime:0.000000s ]
INFO: [ app_init ] --END-- [ RunTime:0.001000s ]

[ 2016-10-20T17:31:31+08:00 ] 127.0.0.1 /Home/Index/index.html
INFO: [ app_init ] --START--
INFO: Run Behavior\BuildLiteBehavior [ RunTime:0.000000s ]
INFO: [ app_init ] --END-- [ RunTime:0.001000s ]
INFO: [ app_begin ] --START--
INFO: Run Behavior\ReadHtmlCacheBehavior [ RunTime:0.001000s ]
INFO: [ app_begin ] --END-- [ RunTime:0.001000s ]
SQL: SHOW COLUMNS FROM `cat` [ RunTime:0.0040s ]
SQL: SELECT * FROM `cat`  [ RunTime:0.0010s ]
SQL: SHOW COLUMNS FROM `goods` [ RunTime:0.0040s ]
SQL: SELECT `goods_id`,`goods_name`,`shop_price`,`market_price`,`thumb_img`,`goods_img` FROM `goods` WHERE ( is_hot=1 ) ORDER BY goods_id desc LIMIT 4   [ RunTime:0.0010s ]
SQL: SELECT `goods_id`,`goods_name`,`shop_price`,`market_price`,`thumb_img`,`goods_img` FROM `goods` WHERE ( is_best=1 ) ORDER BY goods_id desc LIMIT 4   [ RunTime:0.0010s ]
SQL: SELECT `goods_id`,`goods_name`,`shop_price`,`market_price`,`thumb_img`,`goods_img` FROM `goods` WHERE ( is_new=1 ) ORDER BY goods_id desc LIMIT 4   [ RunTime:0.0010s ]
INFO: [ view_parse ] --START--
INFO: [ template_filter ] --START--
INFO: Run Behavior\ContentReplaceBehavior [ RunTime:0.000000s ]
INFO: [ template_filter ] --END-- [ RunTime:0.000000s ]
INFO: Run Behavior\ParseTemplateBehavior [ RunTime:0.026002s ]
INFO: [ view_parse ] --END-- [ RunTime:0.026002s ]
INFO: [ view_filter ] --START--
INFO: Run Behavior\WriteHtmlCacheBehavior [ RunTime:0.001000s ]
INFO: [ view_filter ] --END-- [ RunTime:0.001000s ]
INFO: [ app_end ] --START--
INFO: Run Behavior\ShowPageTraceBehavior [ RunTime:0.001000s ]
INFO: [ app_end ] --END-- [ RunTime:0.001000s ]

[ 2016-10-20T17:31:32+08:00 ] 127.0.0.1 /Home/Index/api/cron.php-t=1452023217
INFO: [ app_init ] --START--
INFO: Run Behavior\BuildLiteBehavior [ RunTime:0.000000s ]
INFO: [ app_init ] --END-- [ RunTime:0.002000s ]
INFO: [ app_begin ] --START--
INFO: Run Behavior\ReadHtmlCacheBehavior [ RunTime:0.001000s ]
INFO: [ app_begin ] --END-- [ RunTime:0.001000s ]
ERR: ÈùûÊ≥ïÊìç‰Ωú:api

[ 2016-10-20T17:31:32+08:00 ] 127.0.0.1 /Home/Index/themes/68ecshop_hechafre/Public/Home/images/sdgg.gif
INFO: [ app_init ] --START--
INFO: Run Behavior\BuildLiteBehavior [ RunTime:0.000000s ]
INFO: [ app_init ] --END-- [ RunTime:0.002000s ]

[ 2016-10-20T17:31:34+08:00 ] 127.0.0.1 /Home/Index/index.html
INFO: [ app_init ] --START--
INFO: Run Behavior\BuildLiteBehavior [ RunTime:0.000000s ]
INFO: [ app_init ] --END-- [ RunTime:0.003001s ]
INFO: [ app_begin ] --START--
INFO: Run Behavior\ReadHtmlCacheBehavior [ RunTime:0.002000s ]
INFO: [ app_begin ] --END-- [ RunTime:0.002000s ]
SQL: SHOW COLUMNS FROM `cat` [ RunTime:0.0150s ]
SQL: SELECT * FROM `cat`  [ RunTime:0.0010s ]
SQL: SHOW COLUMNS FROM `goods` [ RunTime:0.0150s ]
SQL: SELECT `goods_id`,`goods_name`,`shop_price`,`market_price`,`thumb_img`,`goods_img` FROM `goods` WHERE ( is_hot=1 ) ORDER BY goods_id desc LIMIT 4   [ RunTime:0.0020s ]
SQL: SELECT `goods_id`,`goods_name`,`shop_price`,`market_price`,`thumb_img`,`goods_img` FROM `goods` WHERE ( is_best=1 ) ORDER BY goods_id desc LIMIT 4   [ RunTime:0.0010s ]
SQL: SELECT `goods_id`,`goods_name`,`shop_price`,`market_price`,`thumb_img`,`goods_img` FROM `goods` WHERE ( is_new=1 ) ORDER BY goods_id desc LIMIT 4   [ RunTime:0.0010s ]
INFO: [ view_parse ] --START--
INFO: [ template_filter ] --START--
INFO: Run Behavior\ContentReplaceBehavior [ RunTime:0.001000s ]
INFO: [ template_filter ] --END-- [ RunTime:0.001000s ]
INFO: Run Behavior\ParseTemplateBehavior [ RunTime:0.083005s ]
INFO: [ view_parse ] --END-- [ RunTime:0.084005s ]
INFO: [ view_filter ] --START--
INFO: Run Behavior\WriteHtmlCacheBehavior [ RunTime:0.001000s ]
INFO: [ view_filter ] --END-- [ RunTime:0.002000s ]
INFO: [ app_end ] --START--
INFO: Run Behavior\ShowPageTraceBehavior [ RunTime:0.003001s ]
INFO: [ app_end ] --END-- [ RunTime:0.003001s ]

[ 2016-10-20T17:31:35+08:00 ] 127.0.0.1 /Home/Index/api/cron.php-t=1452023217
INFO: [ app_init ] --START--
INFO: Run Behavior\BuildLiteBehavior [ RunTime:0.000000s ]
INFO: [ app_init ] --END-- [ RunTime:0.002000s ]
INFO: [ app_begin ] --START--
INFO: Run Behavior\ReadHtmlCacheBehavior [ RunTime:0.002000s ]
INFO: [ app_begin ] --END-- [ RunTime:0.002000s ]
ERR: ÈùûÊ≥ïÊìç‰Ωú:api

[ 2016-10-20T17:31:35+08:00 ] 127.0.0.1 /Home/Index/themes/68ecshop_hechafre/Public/Home/images/sdgg.gif
INFO: [ app_init ] --START--
INFO: Run Behavior\BuildLiteBehavior [ RunTime:0.000000s ]
INFO: [ app_init ] --END-- [ RunTime:0.014001s ]

[ 2016-10-20T17:31:42+08:00 ] 127.0.0.1 /Home/Index/index.html
INFO: [ app_init ] --START--
INFO: Run Behavior\BuildLiteBehavior [ RunTime:0.000000s ]
INFO: [ app_init ] --END-- [ RunTime:0.002000s ]
INFO: [ app_begin ] --START--
INFO: Run Behavior\ReadHtmlCacheBehavior [ RunTime:0.005001s ]
INFO: [ app_begin ] --END-- [ RunTime:0.007001s ]
SQL: SHOW COLUMNS FROM `cat` [ RunTime:0.0160s ]
SQL: SELECT * FROM `cat`  [ RunTime:0.0020s ]
SQL: SHOW COLUMNS FROM `goods` [ RunTime:0.0170s ]
SQL: SELECT `goods_id`,`goods_name`,`shop_price`,`market_price`,`thumb_img`,`goods_img` FROM `goods` WHERE ( is_hot=1 ) ORDER BY goods_id desc LIMIT 4   [ RunTime:0.0010s ]
SQL: SELECT `goods_id`,`goods_name`,`shop_price`,`market_price`,`thumb_img`,`goods_img` FROM `goods` WHERE ( is_best=1 ) ORDER BY goods_id desc LIMIT 4   [ RunTime:0.0020s ]
SQL: SELECT `goods_id`,`goods_name`,`shop_price`,`market_price`,`thumb_img`,`goods_img` FROM `goods` WHERE ( is_new=1 ) ORDER BY goods_id desc LIMIT 4   [ RunTime:0.0060s ]
INFO: [ view_parse ] --START--
INFO: [ template_filter ] --START--
INFO: Run Behavior\ContentReplaceBehavior [ RunTime:0.000000s ]
INFO: [ template_filter ] --END-- [ RunTime:0.001000s ]
INFO: Run Behavior\ParseTemplateBehavior [ RunTime:0.106006s ]
INFO: [ view_parse ] --END-- [ RunTime:0.106006s ]
INFO: [ view_filter ] --START--
INFO: Run Behavior\WriteHtmlCacheBehavior [ RunTime:0.002000s ]
INFO: [ view_filter ] --END-- [ RunTime:0.002000s ]
INFO: [ app_end ] --START--
INFO: Run Behavior\ShowPageTraceBehavior [ RunTime:0.005000s ]
INFO: [ app_end ] --END-- [ RunTime:0.005000s ]

[ 2016-10-20T17:31:42+08:00 ] 127.0.0.1 /Home/Index/api/cron.php-t=1452023217
INFO: [ app_init ] --START--
INFO: Run Behavior\BuildLiteBehavior [ RunTime:0.000000s ]
INFO: [ app_init ] --END-- [ RunTime:0.002000s ]
INFO: [ app_begin ] --START--
INFO: Run Behavior\ReadHtmlCacheBehavior [ RunTime:0.002000s ]
INFO: [ app_begin ] --END-- [ RunTime:0.003000s ]
ERR: ÈùûÊ≥ïÊìç‰Ωú:api

[ 2016-10-20T17:31:42+08:00 ] 127.0.0.1 /Home/Index/themes/68ecshop_hechafre/Public/Home/images/sdgg.gif
INFO: [ app_init ] --START--
INFO: Run Behavior\BuildLiteBehavior [ RunTime:0.000000s ]
INFO: [ app_init ] --END-- [ RunTime:0.000000s ]

[ 2016-10-20T17:31:58+08:00 ] 127.0.0.1 /
INFO: [ app_init ] --START--
INFO: Run Behavior\BuildLiteBehavior [ RunTime:0.000000s ]
INFO: [ app_init ] --END-- [ RunTime:0.002000s ]
INFO: [ app_begin ] --START--
INFO: Run Behavior\ReadHtmlCacheBehavior [ RunTime:0.003000s ]
INFO: [ app_begin ] --END-- [ RunTime:0.003000s ]
SQL: SHOW COLUMNS FROM `cat` [ RunTime:0.0150s ]
SQL: SELECT * FROM `cat`  [ RunTime:0.0010s ]
SQL: SHOW COLUMNS FROM `goods` [ RunTime:0.0180s ]
SQL: SELECT `goods_id`,`goods_name`,`shop_price`,`market_price`,`thumb_img`,`goods_img` FROM `goods` WHERE ( is_hot=1 ) ORDER BY goods_id desc LIMIT 4   [ RunTime:0.0020s ]
SQL: SELECT `goods_id`,`goods_name`,`shop_price`,`market_price`,`thumb_img`,`goods_img` FROM `goods` WHERE ( is_best=1 ) ORDER BY goods_id desc LIMIT 4   [ RunTime:0.0020s ]
SQL: SELECT `goods_id`,`goods_name`,`shop_price`,`market_price`,`thumb_img`,`goods_img` FROM `goods` WHERE ( is_new=1 ) ORDER BY goods_id desc LIMIT 4   [ RunTime:0.0010s ]
INFO: [ view_parse ] --START--
INFO: [ template_filter ] --START--
INFO: Run Behavior\ContentReplaceBehavior [ RunTime:0.000000s ]
INFO: [ template_filter ] --END-- [ RunTime:0.001000s ]
INFO: Run Behavior\ParseTemplateBehavior [ RunTime:0.107006s ]
INFO: [ view_parse ] --END-- [ RunTime:0.107006s ]
INFO: [ view_filter ] --START--
INFO: Run Behavior\WriteHtmlCacheBehavior [ RunTime:0.002000s ]
INFO: [ view_filter ] --END-- [ RunTime:0.002000s ]
INFO: [ app_end ] --START--
INFO: Run Behavior\ShowPageTraceBehavior [ RunTime:0.006001s ]
INFO: [ app_end ] --END-- [ RunTime:0.006001s ]

[ 2016-10-20T17:46:06+08:00 ] ::1 /shop/index.php
INFO: [ app_init ] --START--
INFO: Run Behavior\BuildLiteBehavior [ RunTime:0.000000s ]
INFO: [ app_init ] --END-- [ RunTime:0.000000s ]
INFO: [ app_begin ] --START--
INFO: Run Behavior\ReadHtmlCacheBehavior [ RunTime:0.000000s ]
INFO: [ app_begin ] --END-- [ RunTime:0.001000s ]
SQL: SHOW COLUMNS FROM `cat` [ RunTime:0.0040s ]
SQL: SELECT * FROM `cat`  [ RunTime:0.0010s ]
SQL: SHOW COLUMNS FROM `goods` [ RunTime:0.0070s ]
SQL: SELECT `goods_id`,`goods_name`,`shop_price`,`market_price`,`thumb_img`,`goods_img` FROM `goods` WHERE ( is_hot=1 ) ORDER BY goods_id desc LIMIT 4   [ RunTime:0.0010s ]
SQL: SELECT `goods_id`,`goods_name`,`shop_price`,`market_price`,`thumb_img`,`goods_img` FROM `goods` WHERE ( is_best=1 ) ORDER BY goods_id desc LIMIT 4   [ RunTime:0.0000s ]
SQL: SELECT `goods_id`,`goods_name`,`shop_price`,`market_price`,`thumb_img`,`goods_img` FROM `goods` WHERE ( is_new=1 ) ORDER BY goods_id desc LIMIT 4   [ RunTime:0.0000s ]
INFO: [ view_parse ] --START--
INFO: [ template_filter ] --START--
INFO: Run Behavior\ContentReplaceBehavior [ RunTime:0.000000s ]
INFO: [ template_filter ] --END-- [ RunTime:0.000000s ]
INFO: Run Behavior\ParseTemplateBehavior [ RunTime:0.025002s ]
INFO: [ view_parse ] --END-- [ RunTime:0.025002s ]
INFO: [ view_filter ] --START--
INFO: Run Behavior\WriteHtmlCacheBehavior [ RunTime:0.001000s ]
INFO: [ view_filter ] --END-- [ RunTime:0.001000s ]
INFO: [ app_end ] --START--
INFO: Run Behavior\ShowPageTraceBehavior [ RunTime:0.001000s ]
INFO: [ app_end ] --END-- [ RunTime:0.001000s ]

