[ 2016-11-10T19:43:15+08:00 ] 127.0.0.1 /
INFO: [ app_init ] --START--
INFO: Run Behavior\BuildLiteBehavior [ RunTime:0.000000s ]
INFO: [ app_init ] --END-- [ RunTime:0.001000s ]
INFO: [ app_begin ] --START--
INFO: Run Behavior\ReadHtmlCacheBehavior [ RunTime:0.001000s ]
INFO: [ app_begin ] --END-- [ RunTime:0.001000s ]
SQL: SHOW COLUMNS FROM `cat` [ RunTime:0.0580s ]
SQL: SELECT * FROM `cat`  [ RunTime:0.0010s ]
SQL: SHOW COLUMNS FROM `goods` [ RunTime:0.0180s ]
SQL: SELECT `goods_id`,`goods_name`,`shop_price`,`market_price`,`thumb_img`,`goods_img` FROM `goods` WHERE ( is_hot=1 ) ORDER BY goods_id desc LIMIT 4   [ RunTime:0.4900s ]
SQL: SELECT `goods_id`,`goods_name`,`shop_price`,`market_price`,`thumb_img`,`goods_img` FROM `goods` WHERE ( is_best=1 ) ORDER BY goods_id desc LIMIT 4   [ RunTime:0.0000s ]
SQL: SELECT `goods_id`,`goods_name`,`shop_price`,`market_price`,`thumb_img`,`goods_img` FROM `goods` WHERE ( is_new=1 ) ORDER BY goods_id desc LIMIT 4   [ RunTime:0.0210s ]
INFO: [ view_parse ] --START--
INFO: [ template_filter ] --START--
INFO: Run Behavior\ContentReplaceBehavior [ RunTime:0.001000s ]
INFO: [ template_filter ] --END-- [ RunTime:0.001000s ]
INFO: Run Behavior\ParseTemplateBehavior [ RunTime:0.066003s ]
INFO: [ view_parse ] --END-- [ RunTime:0.066003s ]
INFO: [ view_filter ] --START--
INFO: Run Behavior\WriteHtmlCacheBehavior [ RunTime:0.001000s ]
INFO: [ view_filter ] --END-- [ RunTime:0.001000s ]
INFO: [ app_end ] --START--
INFO: Run Behavior\ShowPageTraceBehavior [ RunTime:0.001000s ]
INFO: [ app_end ] --END-- [ RunTime:0.001000s ]

